0 info it worked if it ends with ok
1 verbose cli [ '/usr/local/bin/node',
1 verbose cli   '/usr/local/bin/npm',
1 verbose cli   'install',
1 verbose cli   '--save',
1 verbose cli   'fs',
1 verbose cli   'zlib' ]
2 info using npm@3.5.0
3 info using node@v5.1.0
4 silly loadCurrentTree Starting
5 silly install loadCurrentTree
6 silly install readLocalPackageData
7 silly fetchPackageMetaData fs
8 silly fetchPackageMetaData zlib
9 silly fetchNamedPackageData fs
10 silly mapToRegistry name fs
11 silly mapToRegistry using default registry
12 silly mapToRegistry registry https://registry.npmjs.org/
13 silly mapToRegistry uri https://registry.npmjs.org/fs
14 silly fetchNamedPackageData zlib
15 silly mapToRegistry name zlib
16 silly mapToRegistry using default registry
17 silly mapToRegistry registry https://registry.npmjs.org/
18 silly mapToRegistry uri https://registry.npmjs.org/zlib
19 verbose request uri https://registry.npmjs.org/fs
20 verbose request no auth needed
21 info attempt registry request try #1 at 18:19:19
22 verbose request id da1e39ea4b4ae737
23 http request GET https://registry.npmjs.org/fs
24 verbose request uri https://registry.npmjs.org/zlib
25 verbose request no auth needed
26 info attempt registry request try #1 at 18:19:19
27 http request GET https://registry.npmjs.org/zlib
28 http 200 https://registry.npmjs.org/zlib
29 verbose headers { server: 'CouchDB/1.5.0 (Erlang OTP/R16B03)',
29 verbose headers   etag: '"5ZD8OZO6M8FVHQHJHDOOR2QN9"',
29 verbose headers   'content-type': 'application/json',
29 verbose headers   'cache-control': 'max-age=60',
29 verbose headers   'content-length': '6093',
29 verbose headers   'accept-ranges': 'bytes',
29 verbose headers   date: 'Thu, 10 Dec 2015 17:19:20 GMT',
29 verbose headers   via: '1.1 varnish',
29 verbose headers   age: '0',
29 verbose headers   connection: 'keep-alive',
29 verbose headers   'x-served-by': 'cache-lcy1121-LCY',
29 verbose headers   'x-cache': 'MISS',
29 verbose headers   'x-cache-hits': '0',
29 verbose headers   'x-timer': 'S1449767960.150024,VS0,VE97',
29 verbose headers   vary: 'Accept' }
30 silly get cb [ 200,
30 silly get   { server: 'CouchDB/1.5.0 (Erlang OTP/R16B03)',
30 silly get     etag: '"5ZD8OZO6M8FVHQHJHDOOR2QN9"',
30 silly get     'content-type': 'application/json',
30 silly get     'cache-control': 'max-age=60',
30 silly get     'content-length': '6093',
30 silly get     'accept-ranges': 'bytes',
30 silly get     date: 'Thu, 10 Dec 2015 17:19:20 GMT',
30 silly get     via: '1.1 varnish',
30 silly get     age: '0',
30 silly get     connection: 'keep-alive',
30 silly get     'x-served-by': 'cache-lcy1121-LCY',
30 silly get     'x-cache': 'MISS',
30 silly get     'x-cache-hits': '0',
30 silly get     'x-timer': 'S1449767960.150024,VS0,VE97',
30 silly get     vary: 'Accept' } ]
31 verbose get saving zlib to /Users/alvaro.delaserna/.npm/registry.npmjs.org/zlib/.cache.json
32 http 200 https://registry.npmjs.org/fs
33 verbose headers { server: 'CouchDB/1.5.0 (Erlang OTP/R16B03)',
33 verbose headers   etag: '"61EZFCRGHS23ZM86028I5BXGD"',
33 verbose headers   'content-type': 'application/json',
33 verbose headers   'cache-control': 'max-age=60',
33 verbose headers   'content-length': '1643',
33 verbose headers   'accept-ranges': 'bytes',
33 verbose headers   date: 'Thu, 10 Dec 2015 17:19:20 GMT',
33 verbose headers   via: '1.1 varnish',
33 verbose headers   age: '0',
33 verbose headers   connection: 'keep-alive',
33 verbose headers   'x-served-by': 'cache-lcy1132-LCY',
33 verbose headers   'x-cache': 'HIT',
33 verbose headers   'x-cache-hits': '1',
33 verbose headers   'x-timer': 'S1449767960.157355,VS0,VE404',
33 verbose headers   vary: 'Accept' }
34 silly get cb [ 200,
34 silly get   { server: 'CouchDB/1.5.0 (Erlang OTP/R16B03)',
34 silly get     etag: '"61EZFCRGHS23ZM86028I5BXGD"',
34 silly get     'content-type': 'application/json',
34 silly get     'cache-control': 'max-age=60',
34 silly get     'content-length': '1643',
34 silly get     'accept-ranges': 'bytes',
34 silly get     date: 'Thu, 10 Dec 2015 17:19:20 GMT',
34 silly get     via: '1.1 varnish',
34 silly get     age: '0',
34 silly get     connection: 'keep-alive',
34 silly get     'x-served-by': 'cache-lcy1132-LCY',
34 silly get     'x-cache': 'HIT',
34 silly get     'x-cache-hits': '1',
34 silly get     'x-timer': 'S1449767960.157355,VS0,VE404',
34 silly get     vary: 'Accept' } ]
35 verbose get saving fs to /Users/alvaro.delaserna/.npm/registry.npmjs.org/fs/.cache.json
36 silly install normalizeTree
37 silly loadCurrentTree Finishing
38 silly loadIdealTree Starting
39 silly install loadIdealTree
40 silly cloneCurrentTree Starting
41 silly install cloneCurrentTreeToIdealTree
42 silly cloneCurrentTree Finishing
43 silly loadShrinkwrap Starting
44 silly install loadShrinkwrap
45 silly loadShrinkwrap Finishing
46 silly loadAllDepsIntoIdealTree Starting
47 silly install loadAllDepsIntoIdealTree
48 silly resolveWithNewModule zlib@1.0.5 checking installable status
49 silly cache add args [ 'zlib', null ]
50 verbose cache add spec zlib
51 silly resolveWithNewModule fs@0.0.2 checking installable status
52 silly cache add args [ 'fs', null ]
53 verbose cache add spec fs
54 silly cache add parsed spec Result {
54 silly cache add   raw: 'zlib',
54 silly cache add   scope: null,
54 silly cache add   name: 'zlib',
54 silly cache add   rawSpec: '',
54 silly cache add   spec: 'latest',
54 silly cache add   type: 'tag' }
55 silly addNamed zlib@latest
56 verbose addNamed "latest" is being treated as a dist-tag for zlib
57 info addNameTag [ 'zlib', 'latest' ]
58 silly mapToRegistry name zlib
59 silly mapToRegistry using default registry
60 silly mapToRegistry registry https://registry.npmjs.org/
61 silly mapToRegistry uri https://registry.npmjs.org/zlib
62 verbose addNameTag registry:https://registry.npmjs.org/zlib not in flight; fetching
63 silly cache add parsed spec Result {
63 silly cache add   raw: 'fs',
63 silly cache add   scope: null,
63 silly cache add   name: 'fs',
63 silly cache add   rawSpec: '',
63 silly cache add   spec: 'latest',
63 silly cache add   type: 'tag' }
64 silly addNamed fs@latest
65 verbose addNamed "latest" is being treated as a dist-tag for fs
66 info addNameTag [ 'fs', 'latest' ]
67 silly mapToRegistry name fs
68 silly mapToRegistry using default registry
69 silly mapToRegistry registry https://registry.npmjs.org/
70 silly mapToRegistry uri https://registry.npmjs.org/fs
71 verbose addNameTag registry:https://registry.npmjs.org/fs not in flight; fetching
72 verbose get https://registry.npmjs.org/zlib not expired, no request
73 silly addNameTag next cb for zlib with tag latest
74 silly addNamed zlib@1.0.5
75 verbose addNamed "1.0.5" is a plain semver version for zlib
76 verbose get https://registry.npmjs.org/fs not expired, no request
77 silly addNameTag next cb for fs with tag latest
78 silly addNamed fs@0.0.2
79 verbose addNamed "0.0.2" is a plain semver version for fs
80 silly mapToRegistry name zlib
81 silly mapToRegistry using default registry
82 silly mapToRegistry registry https://registry.npmjs.org/
83 silly mapToRegistry uri https://registry.npmjs.org/zlib
84 verbose addRemoteTarball https://registry.npmjs.org/zlib/-/zlib-1.0.5.tgz not in flight; adding
85 verbose addRemoteTarball [ 'https://registry.npmjs.org/zlib/-/zlib-1.0.5.tgz',
85 verbose addRemoteTarball   '6e7c972fc371c645a6afb03ab14769def114fcc0' ]
86 silly mapToRegistry name fs
87 silly mapToRegistry using default registry
88 silly mapToRegistry registry https://registry.npmjs.org/
89 silly mapToRegistry uri https://registry.npmjs.org/fs
90 verbose addRemoteTarball https://registry.npmjs.org/fs/-/fs-0.0.2.tgz not in flight; adding
91 verbose addRemoteTarball [ 'https://registry.npmjs.org/fs/-/fs-0.0.2.tgz',
91 verbose addRemoteTarball   'e1f244ef3933c1b2a64bd4799136060d0f5914f8' ]
92 info retry fetch attempt 1 at 18:19:20
93 info attempt registry request try #1 at 18:19:20
94 http fetch GET https://registry.npmjs.org/zlib/-/zlib-1.0.5.tgz
95 info retry fetch attempt 1 at 18:19:20
96 info attempt registry request try #1 at 18:19:20
97 http fetch GET https://registry.npmjs.org/fs/-/fs-0.0.2.tgz
98 http fetch 200 https://registry.npmjs.org/fs/-/fs-0.0.2.tgz
99 silly fetchAndShaCheck shasum e1f244ef3933c1b2a64bd4799136060d0f5914f8
100 verbose addTmpTarball /var/folders/gb/pt8jhq2s7bl6wlbms5wj433c0000gp/T/npm-19393-970f65eb/registry.npmjs.org/fs/-/fs-0.0.2.tgz not in flight; adding
101 verbose addTmpTarball already have metadata; skipping unpack for fs@0.0.2
102 silly cache afterAdd fs@0.0.2
103 verbose afterAdd /Users/alvaro.delaserna/.npm/fs/0.0.2/package/package.json not in flight; writing
104 verbose afterAdd /Users/alvaro.delaserna/.npm/fs/0.0.2/package/package.json written
105 http fetch 200 https://registry.npmjs.org/zlib/-/zlib-1.0.5.tgz
106 silly fetchAndShaCheck shasum 6e7c972fc371c645a6afb03ab14769def114fcc0
107 verbose addTmpTarball /var/folders/gb/pt8jhq2s7bl6wlbms5wj433c0000gp/T/npm-19393-970f65eb/registry.npmjs.org/zlib/-/zlib-1.0.5.tgz not in flight; adding
108 verbose addTmpTarball already have metadata; skipping unpack for zlib@1.0.5
109 silly cache afterAdd zlib@1.0.5
110 verbose afterAdd /Users/alvaro.delaserna/.npm/zlib/1.0.5/package/package.json not in flight; writing
111 verbose afterAdd /Users/alvaro.delaserna/.npm/zlib/1.0.5/package/package.json written
112 silly loadAllDepsIntoIdealTree Finishing
113 silly idealTree:prePrune katas-node-2015@0.0.1
113 silly idealTree:prePrune ├── accepts@1.3.0
113 silly idealTree:prePrune ├── array-flatten@1.1.1
113 silly idealTree:prePrune ├── body-parser@1.14.1
113 silly idealTree:prePrune ├── bytes@2.1.0
113 silly idealTree:prePrune ├── compressible@2.0.6
113 silly idealTree:prePrune ├── compression@1.6.0
113 silly idealTree:prePrune ├── content-disposition@0.5.0
113 silly idealTree:prePrune ├── content-type@1.0.1
113 silly idealTree:prePrune ├── cookie-signature@1.0.6
113 silly idealTree:prePrune ├── cookie@0.1.3
113 silly idealTree:prePrune ├── debug@2.2.0
113 silly idealTree:prePrune ├── depd@1.1.0
113 silly idealTree:prePrune ├── destroy@1.0.3
113 silly idealTree:prePrune ├── ee-first@1.1.1
113 silly idealTree:prePrune ├── escape-html@1.0.2
113 silly idealTree:prePrune ├── etag@1.7.0
113 silly idealTree:prePrune ├── events@1.1.0
113 silly idealTree:prePrune ├─┬ express@4.13.3
113 silly idealTree:prePrune │ ├── accepts@1.2.13
113 silly idealTree:prePrune │ ├── depd@1.0.1
113 silly idealTree:prePrune │ ├── negotiator@0.5.3
113 silly idealTree:prePrune │ ├── qs@4.0.0
113 silly idealTree:prePrune │ └── vary@1.0.1
113 silly idealTree:prePrune ├── finalhandler@0.4.0
113 silly idealTree:prePrune ├── forwarded@0.1.0
113 silly idealTree:prePrune ├── fresh@0.3.0
113 silly idealTree:prePrune ├── fs@0.0.2
113 silly idealTree:prePrune ├── http-errors@1.3.1
113 silly idealTree:prePrune ├── iconv-lite@0.4.12
113 silly idealTree:prePrune ├── inherits@2.0.1
113 silly idealTree:prePrune ├── ipaddr.js@1.0.5
113 silly idealTree:prePrune ├── media-typer@0.3.0
113 silly idealTree:prePrune ├── merge-descriptors@1.0.0
113 silly idealTree:prePrune ├── methods@1.1.1
113 silly idealTree:prePrune ├── mime-db@1.20.0
113 silly idealTree:prePrune ├── mime-types@2.1.8
113 silly idealTree:prePrune ├── mime@1.3.4
113 silly idealTree:prePrune ├── ms@0.7.1
113 silly idealTree:prePrune ├── negotiator@0.6.0
113 silly idealTree:prePrune ├── on-finished@2.3.0
113 silly idealTree:prePrune ├── on-headers@1.0.1
113 silly idealTree:prePrune ├── parseurl@1.3.0
113 silly idealTree:prePrune ├── path-to-regexp@0.1.7
113 silly idealTree:prePrune ├── proxy-addr@1.0.10
113 silly idealTree:prePrune ├── qs@5.1.0
113 silly idealTree:prePrune ├── range-parser@1.0.3
113 silly idealTree:prePrune ├─┬ raw-body@2.1.5
113 silly idealTree:prePrune │ ├── bytes@2.2.0
113 silly idealTree:prePrune │ └── iconv-lite@0.4.13
113 silly idealTree:prePrune ├─┬ send@0.13.0
113 silly idealTree:prePrune │ └── depd@1.0.1
113 silly idealTree:prePrune ├── serve-static@1.10.0
113 silly idealTree:prePrune ├── statuses@1.2.1
113 silly idealTree:prePrune ├── type-is@1.6.10
113 silly idealTree:prePrune ├── unpipe@1.0.0
113 silly idealTree:prePrune ├── util@0.10.3
113 silly idealTree:prePrune ├── utils-merge@1.0.0
113 silly idealTree:prePrune ├── vary@1.1.0
113 silly idealTree:prePrune └── zlib@1.0.5
114 silly loadIdealTree Finishing
115 silly currentTree katas-node-2015@0.0.1
115 silly currentTree ├── accepts@1.3.0
115 silly currentTree ├── array-flatten@1.1.1
115 silly currentTree ├── body-parser@1.14.1
115 silly currentTree ├── bytes@2.1.0
115 silly currentTree ├── compressible@2.0.6
115 silly currentTree ├── compression@1.6.0
115 silly currentTree ├── content-disposition@0.5.0
115 silly currentTree ├── content-type@1.0.1
115 silly currentTree ├── cookie-signature@1.0.6
115 silly currentTree ├── cookie@0.1.3
115 silly currentTree ├── debug@2.2.0
115 silly currentTree ├── depd@1.1.0
115 silly currentTree ├── destroy@1.0.3
115 silly currentTree ├── ee-first@1.1.1
115 silly currentTree ├── escape-html@1.0.2
115 silly currentTree ├── etag@1.7.0
115 silly currentTree ├── events@1.1.0
115 silly currentTree ├─┬ express@4.13.3
115 silly currentTree │ ├── accepts@1.2.13
115 silly currentTree │ ├── depd@1.0.1
115 silly currentTree │ ├── negotiator@0.5.3
115 silly currentTree │ ├── qs@4.0.0
115 silly currentTree │ └── vary@1.0.1
115 silly currentTree ├── finalhandler@0.4.0
115 silly currentTree ├── forwarded@0.1.0
115 silly currentTree ├── fresh@0.3.0
115 silly currentTree ├── http-errors@1.3.1
115 silly currentTree ├── iconv-lite@0.4.12
115 silly currentTree ├── inherits@2.0.1
115 silly currentTree ├── ipaddr.js@1.0.5
115 silly currentTree ├── media-typer@0.3.0
115 silly currentTree ├── merge-descriptors@1.0.0
115 silly currentTree ├── methods@1.1.1
115 silly currentTree ├── mime-db@1.20.0
115 silly currentTree ├── mime-types@2.1.8
115 silly currentTree ├── mime@1.3.4
115 silly currentTree ├── ms@0.7.1
115 silly currentTree ├── negotiator@0.6.0
115 silly currentTree ├── on-finished@2.3.0
115 silly currentTree ├── on-headers@1.0.1
115 silly currentTree ├── parseurl@1.3.0
115 silly currentTree ├── path-to-regexp@0.1.7
115 silly currentTree ├── proxy-addr@1.0.10
115 silly currentTree ├── qs@5.1.0
115 silly currentTree ├── range-parser@1.0.3
115 silly currentTree ├─┬ raw-body@2.1.5
115 silly currentTree │ ├── bytes@2.2.0
115 silly currentTree │ └── iconv-lite@0.4.13
115 silly currentTree ├─┬ send@0.13.0
115 silly currentTree │ └── depd@1.0.1
115 silly currentTree ├── serve-static@1.10.0
115 silly currentTree ├── statuses@1.2.1
115 silly currentTree ├── type-is@1.6.10
115 silly currentTree ├── unpipe@1.0.0
115 silly currentTree ├── util@0.10.3
115 silly currentTree ├── utils-merge@1.0.0
115 silly currentTree └── vary@1.1.0
116 silly idealTree katas-node-2015@0.0.1
116 silly idealTree ├── accepts@1.3.0
116 silly idealTree ├── array-flatten@1.1.1
116 silly idealTree ├── body-parser@1.14.1
116 silly idealTree ├── bytes@2.1.0
116 silly idealTree ├── compressible@2.0.6
116 silly idealTree ├── compression@1.6.0
116 silly idealTree ├── content-disposition@0.5.0
116 silly idealTree ├── content-type@1.0.1
116 silly idealTree ├── cookie-signature@1.0.6
116 silly idealTree ├── cookie@0.1.3
116 silly idealTree ├── debug@2.2.0
116 silly idealTree ├── depd@1.1.0
116 silly idealTree ├── destroy@1.0.3
116 silly idealTree ├── ee-first@1.1.1
116 silly idealTree ├── escape-html@1.0.2
116 silly idealTree ├── etag@1.7.0
116 silly idealTree ├── events@1.1.0
116 silly idealTree ├─┬ express@4.13.3
116 silly idealTree │ ├── accepts@1.2.13
116 silly idealTree │ ├── depd@1.0.1
116 silly idealTree │ ├── negotiator@0.5.3
116 silly idealTree │ ├── qs@4.0.0
116 silly idealTree │ └── vary@1.0.1
116 silly idealTree ├── finalhandler@0.4.0
116 silly idealTree ├── forwarded@0.1.0
116 silly idealTree ├── fresh@0.3.0
116 silly idealTree ├── fs@0.0.2
116 silly idealTree ├── http-errors@1.3.1
116 silly idealTree ├── iconv-lite@0.4.12
116 silly idealTree ├── inherits@2.0.1
116 silly idealTree ├── ipaddr.js@1.0.5
116 silly idealTree ├── media-typer@0.3.0
116 silly idealTree ├── merge-descriptors@1.0.0
116 silly idealTree ├── methods@1.1.1
116 silly idealTree ├── mime-db@1.20.0
116 silly idealTree ├── mime-types@2.1.8
116 silly idealTree ├── mime@1.3.4
116 silly idealTree ├── ms@0.7.1
116 silly idealTree ├── negotiator@0.6.0
116 silly idealTree ├── on-finished@2.3.0
116 silly idealTree ├── on-headers@1.0.1
116 silly idealTree ├── parseurl@1.3.0
116 silly idealTree ├── path-to-regexp@0.1.7
116 silly idealTree ├── proxy-addr@1.0.10
116 silly idealTree ├── qs@5.1.0
116 silly idealTree ├── range-parser@1.0.3
116 silly idealTree ├─┬ raw-body@2.1.5
116 silly idealTree │ ├── bytes@2.2.0
116 silly idealTree │ └── iconv-lite@0.4.13
116 silly idealTree ├─┬ send@0.13.0
116 silly idealTree │ └── depd@1.0.1
116 silly idealTree ├── serve-static@1.10.0
116 silly idealTree ├── statuses@1.2.1
116 silly idealTree ├── type-is@1.6.10
116 silly idealTree ├── unpipe@1.0.0
116 silly idealTree ├── util@0.10.3
116 silly idealTree ├── utils-merge@1.0.0
116 silly idealTree ├── vary@1.1.0
116 silly idealTree └── zlib@1.0.5
117 silly generateActionsToTake Starting
118 silly install generateActionsToTake
119 silly generateActionsToTake Finishing
120 silly diffTrees action count 2
121 silly diffTrees add fs@0.0.2
122 silly diffTrees add zlib@1.0.5
123 silly decomposeActions action count 16
124 silly decomposeActions fetch fs@0.0.2
125 silly decomposeActions extract fs@0.0.2
126 silly decomposeActions test fs@0.0.2
127 silly decomposeActions preinstall fs@0.0.2
128 silly decomposeActions build fs@0.0.2
129 silly decomposeActions install fs@0.0.2
130 silly decomposeActions postinstall fs@0.0.2
131 silly decomposeActions finalize fs@0.0.2
132 silly decomposeActions fetch zlib@1.0.5
133 silly decomposeActions extract zlib@1.0.5
134 silly decomposeActions test zlib@1.0.5
135 silly decomposeActions preinstall zlib@1.0.5
136 silly decomposeActions build zlib@1.0.5
137 silly decomposeActions install zlib@1.0.5
138 silly decomposeActions postinstall zlib@1.0.5
139 silly decomposeActions finalize zlib@1.0.5
140 silly executeActions Starting
141 silly install executeActions
142 silly doSerial global-install 0
143 silly doParallel fetch 2
144 verbose lock using /Users/alvaro.delaserna/.npm/_locks/staging-993015080e40a6b9.lock for /Users/alvaro.delaserna/Desktop/Cursos/nodejs-2016/node_modules/.staging
145 silly doParallel extract 2
146 silly extract fs@0.0.2
147 silly extract zlib@1.0.5
148 verbose unbuild node_modules/.staging/fs-4a6aa796d02a4e8a35e1e06dae8702d4
149 verbose unbuild node_modules/.staging/zlib-f959b083448f697d05af7410a7277f60
150 silly gentlyRm /Users/alvaro.delaserna/Desktop/Cursos/nodejs-2016/node_modules/.staging/fs-4a6aa796d02a4e8a35e1e06dae8702d4 is being purged from base /Users/alvaro.delaserna/Desktop/Cursos/nodejs-2016
151 verbose gentlyRm don't care about contents; nuking /Users/alvaro.delaserna/Desktop/Cursos/nodejs-2016/node_modules/.staging/fs-4a6aa796d02a4e8a35e1e06dae8702d4
152 silly gentlyRm /Users/alvaro.delaserna/Desktop/Cursos/nodejs-2016/node_modules/.staging/zlib-f959b083448f697d05af7410a7277f60 is being purged from base /Users/alvaro.delaserna/Desktop/Cursos/nodejs-2016
153 verbose gentlyRm don't care about contents; nuking /Users/alvaro.delaserna/Desktop/Cursos/nodejs-2016/node_modules/.staging/zlib-f959b083448f697d05af7410a7277f60
154 verbose tar unpack /Users/alvaro.delaserna/.npm/fs/0.0.2/package.tgz
155 verbose tar unpacking to /Users/alvaro.delaserna/Desktop/Cursos/nodejs-2016/node_modules/.staging/fs-4a6aa796d02a4e8a35e1e06dae8702d4
156 silly gentlyRm /Users/alvaro.delaserna/Desktop/Cursos/nodejs-2016/node_modules/.staging/fs-4a6aa796d02a4e8a35e1e06dae8702d4 is being purged
157 verbose gentlyRm don't care about contents; nuking /Users/alvaro.delaserna/Desktop/Cursos/nodejs-2016/node_modules/.staging/fs-4a6aa796d02a4e8a35e1e06dae8702d4
158 verbose tar unpack /Users/alvaro.delaserna/.npm/zlib/1.0.5/package.tgz
159 verbose tar unpacking to /Users/alvaro.delaserna/Desktop/Cursos/nodejs-2016/node_modules/.staging/zlib-f959b083448f697d05af7410a7277f60
160 silly gentlyRm /Users/alvaro.delaserna/Desktop/Cursos/nodejs-2016/node_modules/.staging/zlib-f959b083448f697d05af7410a7277f60 is being purged
161 verbose gentlyRm don't care about contents; nuking /Users/alvaro.delaserna/Desktop/Cursos/nodejs-2016/node_modules/.staging/zlib-f959b083448f697d05af7410a7277f60
162 silly gunzTarPerm modes [ '755', '644' ]
163 silly gunzTarPerm modes [ '755', '644' ]
164 silly gunzTarPerm extractEntry package.json
165 silly gunzTarPerm extractEntry .gitignore
166 silly gunzTarPerm extractEntry index.js
167 silly gunzTarPerm extractEntry configure
168 silly gunzTarPerm extractEntry index.js
169 silly gunzTarPerm extractEntry LICENSE
170 silly gunzTarPerm extractEntry Makefile
171 silly gunzTarPerm extractEntry package.json
172 silly gunzTarPerm extractEntry README.md
173 silly gentlyRm /Users/alvaro.delaserna/Desktop/Cursos/nodejs-2016/node_modules/.staging/fs-4a6aa796d02a4e8a35e1e06dae8702d4/node_modules is being purged
174 verbose gentlyRm don't care about contents; nuking /Users/alvaro.delaserna/Desktop/Cursos/nodejs-2016/node_modules/.staging/fs-4a6aa796d02a4e8a35e1e06dae8702d4/node_modules
175 silly gunzTarPerm extractEntry wscript
176 silly gunzTarPerm extractEntry lib/zlib.js
177 silly gunzTarPerm extractEntry src/node-zlib.cc
178 silly gunzTarPerm extractEntry test/deflate.test.js
179 silly gunzTarPerm extractEntry test/inflate.test.js
180 silly gentlyRm /Users/alvaro.delaserna/Desktop/Cursos/nodejs-2016/node_modules/.staging/zlib-f959b083448f697d05af7410a7277f60/node_modules is being purged
181 verbose gentlyRm don't care about contents; nuking /Users/alvaro.delaserna/Desktop/Cursos/nodejs-2016/node_modules/.staging/zlib-f959b083448f697d05af7410a7277f60/node_modules
182 silly doParallel preinstall 2
183 silly preinstall fs@0.0.2 /Users/alvaro.delaserna/Desktop/Cursos/nodejs-2016/node_modules/.staging/fs-4a6aa796d02a4e8a35e1e06dae8702d4
184 info lifecycle fs@0.0.2~preinstall: fs@0.0.2
185 silly preinstall zlib@1.0.5 /Users/alvaro.delaserna/Desktop/Cursos/nodejs-2016/node_modules/.staging/zlib-f959b083448f697d05af7410a7277f60
186 info lifecycle zlib@1.0.5~preinstall: zlib@1.0.5
187 silly lifecycle fs@0.0.2~preinstall: no script for preinstall, continuing
188 verbose lifecycle zlib@1.0.5~preinstall: unsafe-perm in lifecycle true
189 verbose lifecycle zlib@1.0.5~preinstall: PATH: /usr/local/lib/node_modules/npm/bin/node-gyp-bin:/Users/alvaro.delaserna/Desktop/Cursos/nodejs-2016/node_modules/.staging/zlib-f959b083448f697d05af7410a7277f60/node_modules/.bin:/Users/alvaro.delaserna/Desktop/Cursos/nodejs-2016/node_modules/.bin:/usr/local/bin:/usr/bin:/bin:/usr/sbin:/sbin:/Users/alvaro.delaserna/Library/Android/sdk/platform-tools://Users/alvaro.delaserna/Library/Android/sdk/tools:/Development/android-sdk/platform-tools:/Development/android-sdk/tools
190 verbose lifecycle zlib@1.0.5~preinstall: CWD: /Users/alvaro.delaserna/Desktop/Cursos/nodejs-2016/node_modules/.staging/zlib-f959b083448f697d05af7410a7277f60
191 silly lifecycle zlib@1.0.5~preinstall: Args: [ '-c', 'node-waf clean || true; node-waf configure build' ]
192 info lifecycle zlib@1.0.5~preinstall: Failed to exec preinstall script
193 verbose unlock done using /Users/alvaro.delaserna/.npm/_locks/staging-993015080e40a6b9.lock for /Users/alvaro.delaserna/Desktop/Cursos/nodejs-2016/node_modules/.staging
194 silly rollbackFailedOptional Starting
195 silly rollbackFailedOptional Finishing
196 silly runTopLevelLifecycles Starting
197 silly runTopLevelLifecycles Finishing
198 silly install printInstalled
199 warn katas-node-2015@0.0.1 No repository field.
200 warn katas-node-2015@0.0.1 No license field.
201 verbose stack Error: zlib@1.0.5 preinstall: `node-waf clean || true; node-waf configure build`
201 verbose stack spawn ENOENT
201 verbose stack     at ChildProcess.<anonymous> (/usr/local/lib/node_modules/npm/lib/utils/spawn.js:17:16)
201 verbose stack     at emitTwo (events.js:87:13)
201 verbose stack     at ChildProcess.emit (events.js:172:7)
201 verbose stack     at maybeClose (internal/child_process.js:818:16)
201 verbose stack     at Process.ChildProcess._handle.onexit (internal/child_process.js:211:5)
202 verbose pkgid zlib@1.0.5
203 verbose cwd /Users/alvaro.delaserna/Desktop/Cursos/nodejs-2016
204 error Darwin 15.0.0
205 error argv "/usr/local/bin/node" "/usr/local/bin/npm" "install" "--save" "fs" "zlib"
206 error node v5.1.0
207 error npm  v3.5.0
208 error file sh
209 error code ELIFECYCLE
210 error errno ENOENT
211 error syscall spawn
212 error zlib@1.0.5 preinstall: `node-waf clean || true; node-waf configure build`
212 error spawn ENOENT
213 error Failed at the zlib@1.0.5 preinstall script 'node-waf clean || true; node-waf configure build'.
213 error Make sure you have the latest version of node.js and npm installed.
213 error If you do, this is most likely a problem with the zlib package,
213 error not with npm itself.
213 error Tell the author that this fails on your system:
213 error     node-waf clean || true; node-waf configure build
213 error You can get their info via:
213 error     npm owner ls zlib
213 error There is likely additional logging output above.
214 verbose exit [ 1, true ]
